<?xml version="1.0" encoding="UTF-8"?>
<!-- Generated by org.testng.reporters.JUnitXMLReporter -->
<testsuite hostname="ICare-Asif" ignored="0" name="Default test" tests="3" failures="1" timestamp="14 Mar 2019 15:48:15 GMT" time="0.039" errors="0">
  <testcase name="@BeforeTest setup" time="0.0" classname="testlocale.TestsPt_BR">
    <failure type="org.testng.TestNGException" message="
Parameter &amp;apos;URL&amp;apos; is required by BeforeTest on method setup but has not been marked @Optional or defined
in /private/var/folders/h6/1s25b8890c52gzz93yp0l9bc0000gn/T/testng-eclipse-1964957789/testng-customsuite.xml">
      <![CDATA[org.testng.TestNGException: 
Parameter 'URL' is required by BeforeTest on method setup but has not been marked @Optional or defined
in /private/var/folders/h6/1s25b8890c52gzz93yp0l9bc0000gn/T/testng-eclipse-1964957789/testng-customsuite.xml
at org.testng.internal.Parameters.createParams(Parameters.java:290)
at org.testng.internal.Parameters.createParametersForMethod(Parameters.java:359)
at org.testng.internal.Parameters.createParameters(Parameters.java:620)
at org.testng.internal.Parameters.createConfigurationParameters(Parameters.java:190)
at org.testng.internal.Invoker.invokeConfigurations(Invoker.java:209)
at org.testng.internal.Invoker.invokeConfigurations(Invoker.java:142)
at org.testng.TestRunner.beforeRun(TestRunner.java:529)
at org.testng.TestRunner.run(TestRunner.java:497)
at org.testng.SuiteRunner.runTest(SuiteRunner.java:455)
at org.testng.SuiteRunner.runSequentially(SuiteRunner.java:450)
at org.testng.SuiteRunner.privateRun(SuiteRunner.java:415)
at org.testng.SuiteRunner.run(SuiteRunner.java:364)
at org.testng.SuiteRunnerWorker.runSuite(SuiteRunnerWorker.java:52)
at org.testng.SuiteRunnerWorker.run(SuiteRunnerWorker.java:84)
at org.testng.TestNG.runSuitesSequentially(TestNG.java:1208)
at org.testng.TestNG.runSuitesLocally(TestNG.java:1137)
at org.testng.TestNG.runSuites(TestNG.java:1049)
at org.testng.TestNG.run(TestNG.java:1017)
at org.testng.remote.AbstractRemoteTestNG.run(AbstractRemoteTestNG.java:114)
at org.testng.remote.RemoteTestNG.initAndRun(RemoteTestNG.java:251)
at org.testng.remote.RemoteTestNG.main(RemoteTestNG.java:77)
]]>
    </failure>
  </testcase> <!-- @BeforeTest setup -->
  <testcase name="@AfterTest tearDown" time="0.0" classname="testlocale.TestsPt_BR">
    <skipped/>
  </testcase> <!-- @AfterTest tearDown -->
  <testcase name="testloginGreetingsVanity" time="0.0" classname="testlocale.TestsPt_BR">
    <failure type="org.testng.TestNGException" message="
Parameter &amp;apos;eliteusername&amp;apos; is required by @Test on method testloginGreetingsVanity but has not been marked @Optional or defined
in /private/var/folders/h6/1s25b8890c52gzz93yp0l9bc0000gn/T/testng-eclipse-1964957789/testng-customsuite.xml">
      <![CDATA[org.testng.TestNGException: 
Parameter 'eliteusername' is required by @Test on method testloginGreetingsVanity but has not been marked @Optional or defined
in /private/var/folders/h6/1s25b8890c52gzz93yp0l9bc0000gn/T/testng-eclipse-1964957789/testng-customsuite.xml
at org.testng.internal.Parameters.createParams(Parameters.java:290)
at org.testng.internal.Parameters.createParametersForMethod(Parameters.java:359)
at org.testng.internal.Parameters.createParameters(Parameters.java:620)
at org.testng.internal.Parameters.handleParameters(Parameters.java:769)
at org.testng.internal.ParameterHandler.handleParameters(ParameterHandler.java:49)
at org.testng.internal.ParameterHandler.createParameters(ParameterHandler.java:37)
at org.testng.internal.Invoker.invokeTestMethods(Invoker.java:923)
at org.testng.internal.TestMethodWorker.invokeTestMethods(TestMethodWorker.java:125)
at org.testng.internal.TestMethodWorker.run(TestMethodWorker.java:109)
at org.testng.TestRunner.privateRun(TestRunner.java:648)
at org.testng.TestRunner.run(TestRunner.java:505)
at org.testng.SuiteRunner.runTest(SuiteRunner.java:455)
at org.testng.SuiteRunner.runSequentially(SuiteRunner.java:450)
at org.testng.SuiteRunner.privateRun(SuiteRunner.java:415)
at org.testng.SuiteRunner.run(SuiteRunner.java:364)
at org.testng.SuiteRunnerWorker.runSuite(SuiteRunnerWorker.java:52)
at org.testng.SuiteRunnerWorker.run(SuiteRunnerWorker.java:84)
at org.testng.TestNG.runSuitesSequentially(TestNG.java:1208)
at org.testng.TestNG.runSuitesLocally(TestNG.java:1137)
at org.testng.TestNG.runSuites(TestNG.java:1049)
at org.testng.TestNG.run(TestNG.java:1017)
at org.testng.remote.AbstractRemoteTestNG.run(AbstractRemoteTestNG.java:114)
at org.testng.remote.RemoteTestNG.initAndRun(RemoteTestNG.java:251)
at org.testng.remote.RemoteTestNG.main(RemoteTestNG.java:77)
]]>
    </failure>
  </testcase> <!-- testloginGreetingsVanity -->
  <testcase name="testYourAccountPt_BR" time="0.0" classname="testlocale.TestsPt_BR">
    <skipped/>
  </testcase> <!-- testYourAccountPt_BR -->
  <testcase name="testPartnerLink" time="0.0" classname="testlocale.TestsPt_BR">
    <skipped/>
  </testcase> <!-- testPartnerLink -->
</testsuite> <!-- Default test -->
